[05Jan2026 06:40:47.457] [main/INFO] [cpw.mods.modlauncher.Launcher/MODLAUNCHER]: ModLauncher running: args [--launchTarget, forgeserver, --fml.forgeVersion, 47.3.7, --fml.mcVersion, 1.20.1, --fml.forgeGroup, net.minecraftforge, --fml.mcpVersion, 20230612.114412, nogui]
[05Jan2026 06:40:47.460] [main/INFO] [cpw.mods.modlauncher.Launcher/MODLAUNCHER]: ModLauncher 10.0.9+10.0.9+main.dcd20f30 starting: java version 17.0.17 by Ubuntu; OS Linux arch amd64 version 6.8.0-1030-azure
[05Jan2026 06:40:47.764] [main/INFO] [net.minecraftforge.fml.loading.ImmediateWindowHandler/]: ImmediateWindowProvider not loading because launch target is forgeserver
[05Jan2026 06:40:47.871] [main/INFO] [mixin/]: SpongePowered MIXIN Subsystem Version=0.8.5 Source=union:/workspaces/SERVER/servidor_minecraft/libraries/org/spongepowered/mixin/0.8.5/mixin-0.8.5.jar%2365!/ Service=ModLauncher Env=SERVER
[05Jan2026 06:40:48.460] [main/WARN] [net.minecraftforge.fml.loading.moddiscovery.ModFileParser/LOADING]: Mod file /workspaces/SERVER/servidor_minecraft/libraries/net/minecraftforge/fmlcore/1.20.1-47.3.7/fmlcore-1.20.1-47.3.7.jar is missing mods.toml file
[05Jan2026 06:40:48.462] [main/WARN] [net.minecraftforge.fml.loading.moddiscovery.ModFileParser/LOADING]: Mod file /workspaces/SERVER/servidor_minecraft/libraries/net/minecraftforge/javafmllanguage/1.20.1-47.3.7/javafmllanguage-1.20.1-47.3.7.jar is missing mods.toml file
[05Jan2026 06:40:48.463] [main/WARN] [net.minecraftforge.fml.loading.moddiscovery.ModFileParser/LOADING]: Mod file /workspaces/SERVER/servidor_minecraft/libraries/net/minecraftforge/lowcodelanguage/1.20.1-47.3.7/lowcodelanguage-1.20.1-47.3.7.jar is missing mods.toml file
[05Jan2026 06:40:48.465] [main/WARN] [net.minecraftforge.fml.loading.moddiscovery.ModFileParser/LOADING]: Mod file /workspaces/SERVER/servidor_minecraft/libraries/net/minecraftforge/mclanguage/1.20.1-47.3.7/mclanguage-1.20.1-47.3.7.jar is missing mods.toml file
[05Jan2026 06:40:48.805] [main/WARN] [net.minecraftforge.jarjar.selection.JarSelector/]: Attempted to select two dependency jars from JarJar which have the same identification: Mod File:  and Mod File: . Using Mod File: 
[05Jan2026 06:40:48.807] [main/INFO] [net.minecraftforge.fml.loading.moddiscovery.JarInJarDependencyLocator/]: Found 6 dependencies adding them to mods collection
[05Jan2026 06:40:48.876] [main/ERROR] [net.minecraftforge.fml.loading.ModSorter/LOADING]: Missing or unsupported mandatory dependencies:
	Mod ID: 'cupboard', Requested by: 'chunksending', Expected range: '[1.20.1-1.5,)', Actual version: '[MISSING]'
	Mod ID: 'sophisticatedcore', Requested by: 'sophisticatedbackpacks', Expected range: '[1.2.116.+,)', Actual version: '[MISSING]'
	Mod ID: 'supermartijn642configlib', Requested by: 'movingelevators', Expected range: '[1.1.6,)', Actual version: '[MISSING]'
	Mod ID: 'curios', Requested by: 'artifacts', Expected range: '[5.8.1+1.20.1,)', Actual version: '[MISSING]'
	Mod ID: 'almanac', Requested by: 'letmedespawn', Expected range: '[1.0.2,)', Actual version: '[MISSING]'
	Mod ID: 'prism', Requested by: 'legendarytooltips', Expected range: '[1.0.3,)', Actual version: '[MISSING]'
	Mod ID: 'cupboard', Requested by: 'connectivity', Expected range: '[1.20.1-1.5,)', Actual version: '[MISSING]'
	Mod ID: 'framework', Requested by: 'goblintraders', Expected range: '[0.6.13,)', Actual version: '[MISSING]'
	Mod ID: 'cupboard', Requested by: 'recipeessentials', Expected range: '[1.20.1-1.4,)', Actual version: '[MISSING]'
	Mod ID: 'iceberg', Requested by: 'advancementplaques', Expected range: '[1.1.20,)', Actual version: '[MISSING]'
	Mod ID: 'resourcefullib', Requested by: 'tempad', Expected range: '[2.1.7,)', Actual version: '[MISSING]'
	Mod ID: 'puzzleslib', Requested by: 'visualworkbench', Expected range: '[8.0.0,)', Actual version: '[MISSING]'
	Mod ID: 'cloth_config', Requested by: 'artifacts', Expected range: '[11.0.99,)', Actual version: '[MISSING]'
	Mod ID: 'collective', Requested by: 'areas', Expected range: '[7.91,)', Actual version: '[MISSING]'
	Mod ID: 'cupboard', Requested by: 'smoothchunk', Expected range: '[1.20.1-1.5,)', Actual version: '[MISSING]'
	Mod ID: 'iceberg', Requested by: 'legendarytooltips', Expected range: '[1.1.13,)', Actual version: '[MISSING]'
	Mod ID: 'architectury', Requested by: 'yo_hooks', Expected range: '[9.2.14,)', Actual version: '[MISSING]'
	Mod ID: 'carbonconfig', Requested by: 'chunkpregen', Expected range: '[1.20-1.2.6,)', Actual version: '[MISSING]'
	Mod ID: 'architectury', Requested by: 'artifacts', Expected range: '[9.0.8,)', Actual version: '[MISSING]'
	Mod ID: 'resourcefulconfig', Requested by: 'tempad', Expected range: '[2.0.0,)', Actual version: '[MISSING]'
	Mod ID: 'framework', Requested by: 'refurbished_furniture', Expected range: '[0.7.15,)', Actual version: '[MISSING]'
	Mod ID: 'cupboard', Requested by: 'leaky', Expected range: '[1.20.1-1.5,)', Actual version: '[MISSING]'
	Mod ID: 'supermartijn642corelib', Requested by: 'movingelevators', Expected range: '[1.1.17,1.2.0)', Actual version: '[MISSING]'
	Mod ID: 'cupboard', Requested by: 'fastasyncworldsave', Expected range: '[1.20.1-1.4,)', Actual version: '[MISSING]'
	Mod ID: 'coroutil', Requested by: 'watut', Expected range: '[1.20.1-1.3.6,)', Actual version: '[MISSING]'
	Mod ID: 'cupboard', Requested by: 'limitedchunks', Expected range: '[1.20.1-1.5,)', Actual version: '[MISSING]'
	Mod ID: 'cupboard', Requested by: 'betterchunkloading', Expected range: '[1.20.1-1.4,)', Actual version: '[MISSING]'
	Mod ID: 'cupboard', Requested by: 'structureessentials', Expected range: '[1.20.1-1.5,)', Actual version: '[MISSING]'
[05Jan2026 06:40:50.567] [main/INFO] [cpw.mods.modlauncher.LaunchServiceHandler/MODLAUNCHER]: Launching target 'forgeserver' with arguments [nogui]
[05Jan2026 06:40:56.421] [main/FATAL] [net.minecraftforge.fml.ModLoader/CORE]: Error during pre-loading phase
net.minecraftforge.fml.ModLoadingException: Mod §echunksending§r requires §6cupboard§r §o1.20.1-1.5 or above§r
§7Currently, §6cupboard§r§7 is §o§nnot installed
	at net.minecraftforge.fml.ModLoadingException.lambda$fromEarlyException$0(ModLoadingException.java:50) ~[fmlcore-1.20.1-47.3.7.jar%23200!/:?]
	at java.util.stream.ReferencePipeline$3$1.accept(ReferencePipeline.java:197) ~[?:?]
	at java.util.AbstractList$RandomAccessSpliterator.forEachRemaining(AbstractList.java:720) ~[?:?]
	at java.util.stream.AbstractPipeline.copyInto(AbstractPipeline.java:509) ~[?:?]
	at java.util.stream.AbstractPipeline.wrapAndCopyInto(AbstractPipeline.java:499) ~[?:?]
	at java.util.stream.ForEachOps$ForEachOp.evaluateSequential(ForEachOps.java:150) ~[?:?]
	at java.util.stream.ForEachOps$ForEachOp$OfRef.evaluateSequential(ForEachOps.java:173) ~[?:?]
	at java.util.stream.AbstractPipeline.evaluate(AbstractPipeline.java:234) ~[?:?]
	at java.util.stream.ReferencePipeline.forEach(ReferencePipeline.java:596) ~[?:?]
	at java.util.stream.ReferencePipeline$7$1.accept(ReferencePipeline.java:276) ~[?:?]
	at java.util.ArrayList$ArrayListSpliterator.forEachRemaining(ArrayList.java:1625) ~[?:?]
	at java.util.stream.AbstractPipeline.copyInto(AbstractPipeline.java:509) ~[?:?]
	at java.util.stream.AbstractPipeline.wrapAndCopyInto(AbstractPipeline.java:499) ~[?:?]
	at java.util.stream.ReduceOps$ReduceOp.evaluateSequential(ReduceOps.java:921) ~[?:?]
	at java.util.stream.AbstractPipeline.evaluate(AbstractPipeline.java:234) ~[?:?]
	at java.util.stream.ReferencePipeline.collect(ReferencePipeline.java:682) ~[?:?]
	at net.minecraftforge.fml.ModLoader.<init>(ModLoader.java:96) ~[fmlcore-1.20.1-47.3.7.jar%23200!/:?]
	at net.minecraftforge.fml.ModLoader.get(ModLoader.java:128) ~[fmlcore-1.20.1-47.3.7.jar%23200!/:?]
	at net.minecraftforge.server.loading.ServerModLoader.load(ServerModLoader.java:30) ~[forge-1.20.1-47.3.7-universal.jar%23204!/:?]
	at net.minecraft.server.Main.main(Main.java:125) ~[server-1.20.1-20230612.114412-srg.jar%23199!/:?]
	at jdk.internal.reflect.NativeMethodAccessorImpl.invoke0(Native Method) ~[?:?]
	at jdk.internal.reflect.NativeMethodAccessorImpl.invoke(NativeMethodAccessorImpl.java:77) ~[?:?]
	at jdk.internal.reflect.DelegatingMethodAccessorImpl.invoke(DelegatingMethodAccessorImpl.java:43) ~[?:?]
	at java.lang.reflect.Method.invoke(Method.java:569) ~[?:?]
	at net.minecraftforge.fml.loading.targets.CommonLaunchHandler.runTarget(CommonLaunchHandler.java:111) ~[fmlloader-1.20.1-47.3.7.jar%2369!/:?]
	at net.minecraftforge.fml.loading.targets.CommonLaunchHandler.serverService(CommonLaunchHandler.java:103) ~[fmlloader-1.20.1-47.3.7.jar%2369!/:?]
	at net.minecraftforge.fml.loading.targets.CommonServerLaunchHandler.lambda$makeService$0(CommonServerLaunchHandler.java:27) ~[fmlloader-1.20.1-47.3.7.jar%2369!/:?]
	at cpw.mods.modlauncher.LaunchServiceHandlerDecorator.launch(LaunchServiceHandlerDecorator.java:30) ~[modlauncher-10.0.9.jar%2355!/:?]
	at cpw.mods.modlauncher.LaunchServiceHandler.launch(LaunchServiceHandler.java:53) ~[modlauncher-10.0.9.jar%2355!/:?]
	at cpw.mods.modlauncher.LaunchServiceHandler.launch(LaunchServiceHandler.java:71) ~[modlauncher-10.0.9.jar%2355!/:?]
	at cpw.mods.modlauncher.Launcher.run(Launcher.java:108) ~[modlauncher-10.0.9.jar%2355!/:?]
	at cpw.mods.modlauncher.Launcher.main(Launcher.java:78) ~[modlauncher-10.0.9.jar%2355!/:?]
	at cpw.mods.modlauncher.BootstrapLaunchConsumer.accept(BootstrapLaunchConsumer.java:26) ~[modlauncher-10.0.9.jar%2355!/:?]
	at cpw.mods.modlauncher.BootstrapLaunchConsumer.accept(BootstrapLaunchConsumer.java:23) ~[modlauncher-10.0.9.jar%2355!/:?]
	at cpw.mods.bootstraplauncher.BootstrapLauncher.main(BootstrapLauncher.java:141) ~[bootstraplauncher-1.1.2.jar:?]
[05Jan2026 06:40:56.492] [main/FATAL] [net.minecraftforge.server.loading.ServerModLoader/]: Crash report saved to ./crash-reports/crash-2026-01-05_06.40.56-fml.txt
[05Jan2026 06:40:56.494] [main/ERROR] [net.minecraft.server.Main/FATAL]: Failed to start the minecraft server
net.minecraftforge.fml.LoadingFailedException: Loading errors encountered: [
	Mod §echunksending§r requires §6cupboard§r §o1.20.1-1.5 or above§r
§7Currently, §6cupboard§r§7 is §o§nnot installed,
	Mod §esophisticatedbackpacks§r requires §6sophisticatedcore§r §o1.2.116.+ or above§r
§7Currently, §6sophisticatedcore§r§7 is §o§nnot installed,
	Mod §emovingelevators§r requires §6supermartijn642configlib§r §o1.1.6 or above§r
§7Currently, §6supermartijn642configlib§r§7 is §o§nnot installed,
	Mod §eartifacts§r requires §6curios§r §o5.8.1+1.20.1 or above§r
§7Currently, §6curios§r§7 is §o§nnot installed,
	Mod §eletmedespawn§r requires §6almanac§r §o1.0.2 or above§r
§7Currently, §6almanac§r§7 is §o§nnot installed,
	Mod §elegendarytooltips§r requires §6prism§r §o1.0.3 or above§r
§7Currently, §6prism§r§7 is §o§nnot installed,
	Mod §econnectivity§r requires §6cupboard§r §o1.20.1-1.5 or above§r
§7Currently, §6cupboard§r§7 is §o§nnot installed,
	Mod §egoblintraders§r requires §6framework§r §o0.6.13 or above§r
§7Currently, §6framework§r§7 is §o§nnot installed,
	Mod §erecipeessentials§r requires §6cupboard§r §o1.20.1-1.4 or above§r
§7Currently, §6cupboard§r§7 is §o§nnot installed,
	Mod §eadvancementplaques§r requires §6iceberg§r §o1.1.20 or above§r
§7Currently, §6iceberg§r§7 is §o§nnot installed,
	Mod §etempad§r requires §6resourcefullib§r §o2.1.7 or above§r
§7Currently, §6resourcefullib§r§7 is §o§nnot installed,
	Mod §evisualworkbench§r requires §6puzzleslib§r §o8.0.0 or above§r
§7Currently, §6puzzleslib§r§7 is §o§nnot installed,
	Mod §eartifacts§r requires §6cloth_config§r §o11.0.99 or above§r
§7Currently, §6cloth_config§r§7 is §o§nnot installed,
	Mod §eareas§r requires §6collective§r §o7.91 or above§r
§7Currently, §6collective§r§7 is §o§nnot installed,
	Mod §esmoothchunk§r requires §6cupboard§r §o1.20.1-1.5 or above§r
§7Currently, §6cupboard§r§7 is §o§nnot installed,
	Mod §elegendarytooltips§r requires §6iceberg§r §o1.1.13 or above§r
§7Currently, §6iceberg§r§7 is §o§nnot installed,
	Mod §eyo_hooks§r requires §6architectury§r §o9.2.14 or above§r
§7Currently, §6architectury§r§7 is §o§nnot installed,
	Mod §echunkpregen§r requires §6carbonconfig§r §o1.20-1.2.6 or above§r
§7Currently, §6carbonconfig§r§7 is §o§nnot installed,
	Mod §eartifacts§r requires §6architectury§r §o9.0.8 or above§r
§7Currently, §6architectury§r§7 is §o§nnot installed,
	Mod §etempad§r requires §6resourcefulconfig§r §o2.0.0 or above§r
§7Currently, §6resourcefulconfig§r§7 is §o§nnot installed,
	Mod §erefurbished_furniture§r requires §6framework§r §o0.7.15 or above§r
§7Currently, §6framework§r§7 is §o§nnot installed,
	Mod §eleaky§r requires §6cupboard§r §o1.20.1-1.5 or above§r
§7Currently, §6cupboard§r§7 is §o§nnot installed,
	Mod §emovingelevators§r requires §6supermartijn642corelib§r §o1.1.17 or above, and below 1.2.0§r
§7Currently, §6supermartijn642corelib§r§7 is §o§nnot installed,
	Mod §efastasyncworldsave§r requires §6cupboard§r §o1.20.1-1.4 or above§r
§7Currently, §6cupboard§r§7 is §o§nnot installed,
	Mod §ewatut§r requires §6coroutil§r §o1.20.1-1.3.6 or above§r
§7Currently, §6coroutil§r§7 is §o§nnot installed,
	Mod §elimitedchunks§r requires §6cupboard§r §o1.20.1-1.5 or above§r
§7Currently, §6cupboard§r§7 is §o§nnot installed,
	Mod §ebetterchunkloading§r requires §6cupboard§r §o1.20.1-1.4 or above§r
§7Currently, §6cupboard§r§7 is §o§nnot installed,
	Mod §estructureessentials§r requires §6cupboard§r §o1.20.1-1.5 or above§r
§7Currently, §6cupboard§r§7 is §o§nnot installed
]
	at net.minecraftforge.fml.ModLoader.gatherAndInitializeMods(ModLoader.java:149) ~[fmlcore-1.20.1-47.3.7.jar%23200!/:?]
	at net.minecraftforge.server.loading.ServerModLoader.load(ServerModLoader.java:30) ~[forge-1.20.1-47.3.7-universal.jar%23204!/:?]
	at net.minecraft.server.Main.main(Main.java:125) ~[server-1.20.1-20230612.114412-srg.jar%23199!/:?]
	at jdk.internal.reflect.NativeMethodAccessorImpl.invoke0(Native Method) ~[?:?]
	at jdk.internal.reflect.NativeMethodAccessorImpl.invoke(NativeMethodAccessorImpl.java:77) ~[?:?]
	at jdk.internal.reflect.DelegatingMethodAccessorImpl.invoke(DelegatingMethodAccessorImpl.java:43) ~[?:?]
	at java.lang.reflect.Method.invoke(Method.java:569) ~[?:?]
	at net.minecraftforge.fml.loading.targets.CommonLaunchHandler.runTarget(CommonLaunchHandler.java:111) ~[fmlloader-1.20.1-47.3.7.jar%2369!/:?]
	at net.minecraftforge.fml.loading.targets.CommonLaunchHandler.serverService(CommonLaunchHandler.java:103) ~[fmlloader-1.20.1-47.3.7.jar%2369!/:?]
	at net.minecraftforge.fml.loading.targets.CommonServerLaunchHandler.lambda$makeService$0(CommonServerLaunchHandler.java:27) ~[fmlloader-1.20.1-47.3.7.jar%2369!/:?]
	at cpw.mods.modlauncher.LaunchServiceHandlerDecorator.launch(LaunchServiceHandlerDecorator.java:30) ~[modlauncher-10.0.9.jar%2355!/:?]
	at cpw.mods.modlauncher.LaunchServiceHandler.launch(LaunchServiceHandler.java:53) ~[modlauncher-10.0.9.jar%2355!/:?]
	at cpw.mods.modlauncher.LaunchServiceHandler.launch(LaunchServiceHandler.java:71) ~[modlauncher-10.0.9.jar%2355!/:?]
	at cpw.mods.modlauncher.Launcher.run(Launcher.java:108) ~[modlauncher-10.0.9.jar%2355!/:?]
	at cpw.mods.modlauncher.Launcher.main(Launcher.java:78) ~[modlauncher-10.0.9.jar%2355!/:?]
	at cpw.mods.modlauncher.BootstrapLaunchConsumer.accept(BootstrapLaunchConsumer.java:26) ~[modlauncher-10.0.9.jar%2355!/:?]
	at cpw.mods.modlauncher.BootstrapLaunchConsumer.accept(BootstrapLaunchConsumer.java:23) ~[modlauncher-10.0.9.jar%2355!/:?]
	at cpw.mods.bootstraplauncher.BootstrapLauncher.main(BootstrapLauncher.java:141) ~[bootstraplauncher-1.1.2.jar:?]
